<?xml version="1.0" encoding="UTF-8"?>
<!-- Generated by org.testng.reporters.JUnitReportReporter -->
<testsuite hostname="DESKTOP-A08HGAL" failures="0" tests="1" name="Bookingtest.test" time="42.920" errors="0" timestamp="2023-10-30T13:30:26 IST" skipped="0">
  <testcase classname="Bookingtest.test" name="testpage" time="42.920"/>
  <system-out/>
</testsuite> <!-- Bookingtest.test -->
